<?xml version="1.0" encoding="UTF-8"?>
<testng-results ignored="0" total="2" passed="2" failed="0" skipped="0">
  <reporter-output>
  </reporter-output>
  <suite started-at="2024-01-24T12:59:09 CST" name="Default suite" finished-at="2024-01-24T12:59:23 CST" duration-ms="13998">
    <groups>
    </groups>
    <test started-at="2024-01-24T12:59:09 CST" name="Default test" finished-at="2024-01-24T12:59:23 CST" duration-ms="13998">
      <class name="variousConcepts.CrmTest">
        <test-method is-config="true" signature="readConfig()[pri:0, instance:variousConcepts.CrmTest@3e8c3cb]" started-at="2024-01-24T12:59:09 CST" name="readConfig" finished-at="2024-01-24T12:59:09 CST" duration-ms="16" status="PASS">
          <reporter-output>
          </reporter-output>
        </test-method> <!-- readConfig -->
        <test-method is-config="true" signature="init()[pri:0, instance:variousConcepts.CrmTest@3e8c3cb]" started-at="2024-01-24T12:59:09 CST" name="init" finished-at="2024-01-24T12:59:12 CST" duration-ms="2826" status="PASS">
          <reporter-output>
          </reporter-output>
        </test-method> <!-- init -->
        <test-method signature="testAlert()[pri:0, instance:variousConcepts.CrmTest@3e8c3cb]" started-at="2024-01-24T12:59:12 CST" name="testAlert" finished-at="2024-01-24T12:59:12 CST" duration-ms="274" status="PASS">
          <reporter-output>
          </reporter-output>
        </test-method> <!-- testAlert -->
        <test-method is-config="true" signature="tearDown()[pri:0, instance:variousConcepts.CrmTest@3e8c3cb]" started-at="2024-01-24T12:59:12 CST" name="tearDown" finished-at="2024-01-24T12:59:13 CST" duration-ms="230" status="PASS">
          <reporter-output>
          </reporter-output>
        </test-method> <!-- tearDown -->
        <test-method is-config="true" signature="init()[pri:0, instance:variousConcepts.CrmTest@3e8c3cb]" started-at="2024-01-24T12:59:13 CST" name="init" finished-at="2024-01-24T12:59:15 CST" duration-ms="2296" status="PASS">
          <reporter-output>
          </reporter-output>
        </test-method> <!-- init -->
        <test-method signature="testLogin()[pri:0, instance:variousConcepts.CrmTest@3e8c3cb]" started-at="2024-01-24T12:59:15 CST" name="testLogin" finished-at="2024-01-24T12:59:23 CST" duration-ms="8089" status="PASS">
          <reporter-output>
          </reporter-output>
        </test-method> <!-- testLogin -->
        <test-method is-config="true" signature="tearDown()[pri:0, instance:variousConcepts.CrmTest@3e8c3cb]" started-at="2024-01-24T12:59:23 CST" name="tearDown" finished-at="2024-01-24T12:59:23 CST" duration-ms="230" status="PASS">
          <reporter-output>
          </reporter-output>
        </test-method> <!-- tearDown -->
      </class> <!-- variousConcepts.CrmTest -->
    </test> <!-- Default test -->
  </suite> <!-- Default suite -->
</testng-results>
